app/build/intermediates/manifest_merge_blame_file/debug/processDebugMainManifest/manifest-merger-blame-debug-report.txt
1<?xml version="1.0" encoding="utf-8"?>
2<manifest xmlns:android="http://schemas.android.com/apk/res/android"
3    package="com.mohgwatch"
4    android:versionCode="1"
5    android:versionName="1.0.0" >
6
7    <uses-sdk
8        android:minSdkVersion="26"
9        android:targetSdkVersion="35" />
10
11    <uses-permission android:name="android.permission.INTERNET" />
11-->src\main\AndroidManifest.xml:4:5-67
11-->src\main\AndroidManifest.xml:4:22-64
12    <uses-permission android:name="android.permission.ACCESS_NETWORK_STATE" />
12-->src\main\AndroidManifest.xml:5:5-79
12-->src\main\AndroidManifest.xml:5:22-76
13    <uses-permission android:name="android.permission.FOREGROUND_SERVICE" />
13-->src\main\AndroidManifest.xml:6:5-77
13-->src\main\AndroidManifest.xml:6:22-74
14    <uses-permission android:name="android.permission.FOREGROUND_SERVICE_DATA_SYNC" />
14-->src\main\AndroidManifest.xml:7:5-87
14-->src\main\AndroidManifest.xml:7:22-84
15    <uses-permission android:name="android.permission.POST_NOTIFICATIONS" />
15-->src\main\AndroidManifest.xml:8:5-77
15-->src\main\AndroidManifest.xml:8:22-74
16    <uses-permission android:name="android.permission.WAKE_LOCK" />
16-->src\main\AndroidManifest.xml:9:5-68
16-->src\main\AndroidManifest.xml:9:22-65
17    <uses-permission android:name="android.permission.RECEIVE_BOOT_COMPLETED" />
17-->src\main\AndroidManifest.xml:10:5-81
17-->src\main\AndroidManifest.xml:10:22-78
18    <uses-permission android:name="android.permission.ACCESS_NOTIFICATION_POLICY" />
18-->src\main\AndroidManifest.xml:11:5-85
18-->src\main\AndroidManifest.xml:11:22-82
19    <uses-permission android:name="android.permission.REQUEST_IGNORE_BATTERY_OPTIMIZATIONS" />
19-->src\main\AndroidManifest.xml:12:5-95
19-->src\main\AndroidManifest.xml:12:22-92
20    <uses-permission android:name="android.permission.SCHEDULE_EXACT_ALARM" />
20-->src\main\AndroidManifest.xml:13:5-79
20-->src\main\AndroidManifest.xml:13:22-76
21    <uses-permission android:name="android.permission.USE_EXACT_ALARM" />
21-->src\main\AndroidManifest.xml:14:5-74
21-->src\main\AndroidManifest.xml:14:22-71
22
23    <permission
23-->[androidx.core:core:1.15.0] AndroidManifest.xml:22:5-24:47
24        android:name="com.mohgwatch.DYNAMIC_RECEIVER_NOT_EXPORTED_PERMISSION"
24-->[androidx.core:core:1.15.0] AndroidManifest.xml:23:9-81
25        android:protectionLevel="signature" />
25-->[androidx.core:core:1.15.0] AndroidManifest.xml:24:9-44
26
27    <uses-permission android:name="com.mohgwatch.DYNAMIC_RECEIVER_NOT_EXPORTED_PERMISSION" />
27-->[androidx.core:core:1.15.0] AndroidManifest.xml:26:5-97
27-->[androidx.core:core:1.15.0] AndroidManifest.xml:26:22-94
28
29    <application
29-->src\main\AndroidManifest.xml:16:5-62:19
30        android:name="com.mohgwatch.phone.MohgWatchApp"
30-->src\main\AndroidManifest.xml:17:9-37
31        android:allowBackup="true"
31-->src\main\AndroidManifest.xml:18:9-35
32        android:appComponentFactory="androidx.core.app.CoreComponentFactory"
32-->[androidx.core:core:1.15.0] AndroidManifest.xml:28:18-86
33        android:debuggable="true"
34        android:extractNativeLibs="false"
35        android:icon="@mipmap/ic_launcher"
35-->src\main\AndroidManifest.xml:19:9-43
36        android:label="@string/app_name"
36-->src\main\AndroidManifest.xml:21:9-41
37        android:roundIcon="@mipmap/ic_launcher_round"
37-->src\main\AndroidManifest.xml:20:9-54
38        android:supportsRtl="true"
38-->src\main\AndroidManifest.xml:22:9-35
39        android:testOnly="true"
40        android:theme="@style/Theme.MohgWatch" >
40-->src\main\AndroidManifest.xml:23:9-47
41        <activity
41-->src\main\AndroidManifest.xml:25:9-33:20
42            android:name="com.mohgwatch.phone.MainActivity"
42-->src\main\AndroidManifest.xml:26:13-41
43            android:exported="true"
43-->src\main\AndroidManifest.xml:27:13-36
44            android:theme="@style/Theme.MohgWatch" >
44-->src\main\AndroidManifest.xml:28:13-51
45            <intent-filter>
45-->src\main\AndroidManifest.xml:29:13-32:29
46                <action android:name="android.intent.action.MAIN" />
46-->src\main\AndroidManifest.xml:30:17-69
46-->src\main\AndroidManifest.xml:30:25-66
47
48                <category android:name="android.intent.category.LAUNCHER" />
48-->src\main\AndroidManifest.xml:31:17-77
48-->src\main\AndroidManifest.xml:31:27-74
49            </intent-filter>
50        </activity>
51
52        <service
52-->src\main\AndroidManifest.xml:35:9-38:56
53            android:name="com.mohgwatch.phone.service.GlucoseSyncService"
53-->src\main\AndroidManifest.xml:36:13-55
54            android:exported="false"
54-->src\main\AndroidManifest.xml:37:13-37
55            android:foregroundServiceType="dataSync" />
55-->src\main\AndroidManifest.xml:38:13-53
56
57        <receiver
57-->src\main\AndroidManifest.xml:40:9-46:20
58            android:name="com.mohgwatch.phone.service.BootReceiver"
58-->src\main\AndroidManifest.xml:41:13-49
59            android:exported="true" >
59-->src\main\AndroidManifest.xml:42:13-36
60            <intent-filter>
60-->src\main\AndroidManifest.xml:43:13-45:29
61                <action android:name="android.intent.action.BOOT_COMPLETED" />
61-->src\main\AndroidManifest.xml:44:17-79
61-->src\main\AndroidManifest.xml:44:25-76
62            </intent-filter>
63        </receiver>
64        <receiver
64-->src\main\AndroidManifest.xml:48:9-57:20
65            android:name="com.mohgwatch.phone.widget.MohgWatchWidgetReceiver"
65-->src\main\AndroidManifest.xml:49:13-59
66            android:exported="true" >
66-->src\main\AndroidManifest.xml:50:13-36
67            <intent-filter>
67-->src\main\AndroidManifest.xml:51:13-53:29
68                <action android:name="android.appwidget.action.APPWIDGET_UPDATE" />
68-->src\main\AndroidManifest.xml:52:17-84
68-->src\main\AndroidManifest.xml:52:25-81
69            </intent-filter>
70
71            <meta-data
71-->src\main\AndroidManifest.xml:54:13-56:65
72                android:name="android.appwidget.provider"
72-->src\main\AndroidManifest.xml:55:17-58
73                android:resource="@xml/mohgwatch_widget_info" />
73-->src\main\AndroidManifest.xml:56:17-62
74        </receiver>
75
76        <meta-data
76-->src\main\AndroidManifest.xml:59:9-61:69
77            android:name="com.google.android.gms.version"
77-->src\main\AndroidManifest.xml:60:13-58
78            android:value="@integer/google_play_services_version" />
78-->src\main\AndroidManifest.xml:61:13-66
79
80        <activity
80-->[com.google.android.gms:play-services-base:18.5.0] AndroidManifest.xml:5:9-173
81            android:name="com.google.android.gms.common.api.GoogleApiActivity"
81-->[com.google.android.gms:play-services-base:18.5.0] AndroidManifest.xml:5:19-85
82            android:exported="false"
82-->[com.google.android.gms:play-services-base:18.5.0] AndroidManifest.xml:5:146-170
83            android:theme="@android:style/Theme.Translucent.NoTitleBar" />
83-->[com.google.android.gms:play-services-base:18.5.0] AndroidManifest.xml:5:86-145
84
85        <service
85-->[androidx.room:room-runtime:2.6.1] AndroidManifest.xml:24:9-28:63
86            android:name="androidx.room.MultiInstanceInvalidationService"
86-->[androidx.room:room-runtime:2.6.1] AndroidManifest.xml:25:13-74
87            android:directBootAware="true"
87-->[androidx.room:room-runtime:2.6.1] AndroidManifest.xml:26:13-43
88            android:exported="false" />
88-->[androidx.room:room-runtime:2.6.1] AndroidManifest.xml:27:13-37
89
90        <activity
90-->[androidx.glance:glance-appwidget:1.1.1] AndroidManifest.xml:23:9-28:62
91            android:name="androidx.glance.appwidget.action.ActionTrampolineActivity"
91-->[androidx.glance:glance-appwidget:1.1.1] AndroidManifest.xml:24:13-85
92            android:enabled="true"
92-->[androidx.glance:glance-appwidget:1.1.1] AndroidManifest.xml:25:13-35
93            android:excludeFromRecents="true"
93-->[androidx.glance:glance-appwidget:1.1.1] AndroidManifest.xml:26:13-46
94            android:exported="false"
94-->[androidx.glance:glance-appwidget:1.1.1] AndroidManifest.xml:27:13-37
95            android:theme="@android:style/Theme.NoDisplay" />
95-->[androidx.glance:glance-appwidget:1.1.1] AndroidManifest.xml:28:13-59
96        <activity
96-->[androidx.glance:glance-appwidget:1.1.1] AndroidManifest.xml:29:9-36:81
97            android:name="androidx.glance.appwidget.action.InvisibleActionTrampolineActivity"
97-->[androidx.glance:glance-appwidget:1.1.1] AndroidManifest.xml:30:13-94
98            android:enabled="true"
98-->[androidx.glance:glance-appwidget:1.1.1] AndroidManifest.xml:31:13-35
99            android:exported="false"
99-->[androidx.glance:glance-appwidget:1.1.1] AndroidManifest.xml:32:13-37
100            android:launchMode="singleInstance"
100-->[androidx.glance:glance-appwidget:1.1.1] AndroidManifest.xml:33:13-48
101            android:noHistory="true"
101-->[androidx.glance:glance-appwidget:1.1.1] AndroidManifest.xml:34:13-37
102            android:taskAffinity="androidx.glance.appwidget.ListAdapterCallbackTrampoline"
102-->[androidx.glance:glance-appwidget:1.1.1] AndroidManifest.xml:35:13-91
103            android:theme="@style/Widget.Glance.AppWidget.CallbackTrampoline" />
103-->[androidx.glance:glance-appwidget:1.1.1] AndroidManifest.xml:36:13-78
104
105        <receiver
105-->[androidx.glance:glance-appwidget:1.1.1] AndroidManifest.xml:38:9-41:40
106            android:name="androidx.glance.appwidget.action.ActionCallbackBroadcastReceiver"
106-->[androidx.glance:glance-appwidget:1.1.1] AndroidManifest.xml:39:13-92
107            android:enabled="true"
107-->[androidx.glance:glance-appwidget:1.1.1] AndroidManifest.xml:40:13-35
108            android:exported="false" />
108-->[androidx.glance:glance-appwidget:1.1.1] AndroidManifest.xml:41:13-37
109        <receiver
109-->[androidx.glance:glance-appwidget:1.1.1] AndroidManifest.xml:42:9-45:40
110            android:name="androidx.glance.appwidget.UnmanagedSessionReceiver"
110-->[androidx.glance:glance-appwidget:1.1.1] AndroidManifest.xml:43:13-78
111            android:enabled="true"
111-->[androidx.glance:glance-appwidget:1.1.1] AndroidManifest.xml:44:13-35
112            android:exported="false" />
112-->[androidx.glance:glance-appwidget:1.1.1] AndroidManifest.xml:45:13-37
113        <receiver
113-->[androidx.glance:glance-appwidget:1.1.1] AndroidManifest.xml:46:9-53:20
114            android:name="androidx.glance.appwidget.MyPackageReplacedReceiver"
114-->[androidx.glance:glance-appwidget:1.1.1] AndroidManifest.xml:47:13-79
115            android:enabled="true"
115-->[androidx.glance:glance-appwidget:1.1.1] AndroidManifest.xml:48:13-35
116            android:exported="false" >
116-->[androidx.glance:glance-appwidget:1.1.1] AndroidManifest.xml:49:13-37
117            <intent-filter>
117-->[androidx.glance:glance-appwidget:1.1.1] AndroidManifest.xml:50:13-52:29
118                <action android:name="android.intent.action.MY_PACKAGE_REPLACED" />
118-->[androidx.glance:glance-appwidget:1.1.1] AndroidManifest.xml:51:17-84
118-->[androidx.glance:glance-appwidget:1.1.1] AndroidManifest.xml:51:25-81
119            </intent-filter>
120        </receiver>
121
122        <service
122-->[androidx.glance:glance-appwidget:1.1.1] AndroidManifest.xml:55:9-58:72
123            android:name="androidx.glance.appwidget.GlanceRemoteViewsService"
123-->[androidx.glance:glance-appwidget:1.1.1] AndroidManifest.xml:56:13-78
124            android:exported="true"
124-->[androidx.glance:glance-appwidget:1.1.1] AndroidManifest.xml:57:13-36
125            android:permission="android.permission.BIND_REMOTEVIEWS" />
125-->[androidx.glance:glance-appwidget:1.1.1] AndroidManifest.xml:58:13-69
126
127        <provider
127-->[androidx.work:work-runtime:2.10.0] AndroidManifest.xml:29:9-37:20
128            android:name="androidx.startup.InitializationProvider"
128-->[androidx.work:work-runtime:2.10.0] AndroidManifest.xml:30:13-67
129            android:authorities="com.mohgwatch.androidx-startup"
129-->[androidx.work:work-runtime:2.10.0] AndroidManifest.xml:31:13-68
130            android:exported="false" >
130-->[androidx.work:work-runtime:2.10.0] AndroidManifest.xml:32:13-37
131            <meta-data
131-->[androidx.work:work-runtime:2.10.0] AndroidManifest.xml:34:13-36:52
132                android:name="androidx.work.WorkManagerInitializer"
132-->[androidx.work:work-runtime:2.10.0] AndroidManifest.xml:35:17-68
133                android:value="androidx.startup" />
133-->[androidx.work:work-runtime:2.10.0] AndroidManifest.xml:36:17-49
134            <meta-data
134-->[androidx.emoji2:emoji2:1.3.0] AndroidManifest.xml:29:13-31:52
135                android:name="androidx.emoji2.text.EmojiCompatInitializer"
135-->[androidx.emoji2:emoji2:1.3.0] AndroidManifest.xml:30:17-75
136                android:value="androidx.startup" />
136-->[androidx.emoji2:emoji2:1.3.0] AndroidManifest.xml:31:17-49
137            <meta-data
137-->[androidx.lifecycle:lifecycle-process:2.8.7] AndroidManifest.xml:29:13-31:52
138                android:name="androidx.lifecycle.ProcessLifecycleInitializer"
138-->[androidx.lifecycle:lifecycle-process:2.8.7] AndroidManifest.xml:30:17-78
139                android:value="androidx.startup" />
139-->[androidx.lifecycle:lifecycle-process:2.8.7] AndroidManifest.xml:31:17-49
140            <meta-data
140-->[androidx.profileinstaller:profileinstaller:1.3.1] AndroidManifest.xml:29:13-31:52
141                android:name="androidx.profileinstaller.ProfileInstallerInitializer"
141-->[androidx.profileinstaller:profileinstaller:1.3.1] AndroidManifest.xml:30:17-85
142                android:value="androidx.startup" />
142-->[androidx.profileinstaller:profileinstaller:1.3.1] AndroidManifest.xml:31:17-49
143        </provider>
144
145        <service
145-->[androidx.work:work-runtime:2.10.0] AndroidManifest.xml:39:9-45:35
146            android:name="androidx.work.impl.background.systemalarm.SystemAlarmService"
146-->[androidx.work:work-runtime:2.10.0] AndroidManifest.xml:40:13-88
147            android:directBootAware="false"
147-->[androidx.work:work-runtime:2.10.0] AndroidManifest.xml:41:13-44
148            android:enabled="@bool/enable_system_alarm_service_default"
148-->[androidx.work:work-runtime:2.10.0] AndroidManifest.xml:42:13-72
149            android:exported="false" />
149-->[androidx.work:work-runtime:2.10.0] AndroidManifest.xml:43:13-37
150        <service
150-->[androidx.work:work-runtime:2.10.0] AndroidManifest.xml:46:9-52:35
151            android:name="androidx.work.impl.background.systemjob.SystemJobService"
151-->[androidx.work:work-runtime:2.10.0] AndroidManifest.xml:47:13-84
152            android:directBootAware="false"
152-->[androidx.work:work-runtime:2.10.0] AndroidManifest.xml:48:13-44
153            android:enabled="@bool/enable_system_job_service_default"
153-->[androidx.work:work-runtime:2.10.0] AndroidManifest.xml:49:13-70
154            android:exported="true"
154-->[androidx.work:work-runtime:2.10.0] AndroidManifest.xml:50:13-36
155            android:permission="android.permission.BIND_JOB_SERVICE" />
155-->[androidx.work:work-runtime:2.10.0] AndroidManifest.xml:51:13-69
156        <service
156-->[androidx.work:work-runtime:2.10.0] AndroidManifest.xml:53:9-59:35
157            android:name="androidx.work.impl.foreground.SystemForegroundService"
157-->[androidx.work:work-runtime:2.10.0] AndroidManifest.xml:54:13-81
158            android:directBootAware="false"
158-->[androidx.work:work-runtime:2.10.0] AndroidManifest.xml:55:13-44
159            android:enabled="@bool/enable_system_foreground_service_default"
159-->[androidx.work:work-runtime:2.10.0] AndroidManifest.xml:56:13-77
160            android:exported="false" />
160-->[androidx.work:work-runtime:2.10.0] AndroidManifest.xml:57:13-37
161
162        <receiver
162-->[androidx.work:work-runtime:2.10.0] AndroidManifest.xml:61:9-66:35
163            android:name="androidx.work.impl.utils.ForceStopRunnable$BroadcastReceiver"
163-->[androidx.work:work-runtime:2.10.0] AndroidManifest.xml:62:13-88
164            android:directBootAware="false"
164-->[androidx.work:work-runtime:2.10.0] AndroidManifest.xml:63:13-44
165            android:enabled="true"
165-->[androidx.work:work-runtime:2.10.0] AndroidManifest.xml:64:13-35
166            android:exported="false" />
166-->[androidx.work:work-runtime:2.10.0] AndroidManifest.xml:65:13-37
167        <receiver
167-->[androidx.work:work-runtime:2.10.0] AndroidManifest.xml:67:9-77:20
168            android:name="androidx.work.impl.background.systemalarm.ConstraintProxy$BatteryChargingProxy"
168-->[androidx.work:work-runtime:2.10.0] AndroidManifest.xml:68:13-106
169            android:directBootAware="false"
169-->[androidx.work:work-runtime:2.10.0] AndroidManifest.xml:69:13-44
170            android:enabled="false"
170-->[androidx.work:work-runtime:2.10.0] AndroidManifest.xml:70:13-36
171            android:exported="false" >
171-->[androidx.work:work-runtime:2.10.0] AndroidManifest.xml:71:13-37
172            <intent-filter>
172-->[androidx.work:work-runtime:2.10.0] AndroidManifest.xml:73:13-76:29
173                <action android:name="android.intent.action.ACTION_POWER_CONNECTED" />
173-->[androidx.work:work-runtime:2.10.0] AndroidManifest.xml:74:17-87
173-->[androidx.work:work-runtime:2.10.0] AndroidManifest.xml:74:25-84
174                <action android:name="android.intent.action.ACTION_POWER_DISCONNECTED" />
174-->[androidx.work:work-runtime:2.10.0] AndroidManifest.xml:75:17-90
174-->[androidx.work:work-runtime:2.10.0] AndroidManifest.xml:75:25-87
175            </intent-filter>
176        </receiver>
177        <receiver
177-->[androidx.work:work-runtime:2.10.0] AndroidManifest.xml:78:9-88:20
178            android:name="androidx.work.impl.background.systemalarm.ConstraintProxy$BatteryNotLowProxy"
178-->[androidx.work:work-runtime:2.10.0] AndroidManifest.xml:79:13-104
179            android:directBootAware="false"
179-->[androidx.work:work-runtime:2.10.0] AndroidManifest.xml:80:13-44
180            android:enabled="false"
180-->[androidx.work:work-runtime:2.10.0] AndroidManifest.xml:81:13-36
181            android:exported="false" >
181-->[androidx.work:work-runtime:2.10.0] AndroidManifest.xml:82:13-37
182            <intent-filter>
182-->[androidx.work:work-runtime:2.10.0] AndroidManifest.xml:84:13-87:29
183                <action android:name="android.intent.action.BATTERY_OKAY" />
183-->[androidx.work:work-runtime:2.10.0] AndroidManifest.xml:85:17-77
183-->[androidx.work:work-runtime:2.10.0] AndroidManifest.xml:85:25-74
184                <action android:name="android.intent.action.BATTERY_LOW" />
184-->[androidx.work:work-runtime:2.10.0] AndroidManifest.xml:86:17-76
184-->[androidx.work:work-runtime:2.10.0] AndroidManifest.xml:86:25-73
185            </intent-filter>
186        </receiver>
187        <receiver
187-->[androidx.work:work-runtime:2.10.0] AndroidManifest.xml:89:9-99:20
188            android:name="androidx.work.impl.background.systemalarm.ConstraintProxy$StorageNotLowProxy"
188-->[androidx.work:work-runtime:2.10.0] AndroidManifest.xml:90:13-104
189            android:directBootAware="false"
189-->[androidx.work:work-runtime:2.10.0] AndroidManifest.xml:91:13-44
190            android:enabled="false"
190-->[androidx.work:work-runtime:2.10.0] AndroidManifest.xml:92:13-36
191            android:exported="false" >
191-->[androidx.work:work-runtime:2.10.0] AndroidManifest.xml:93:13-37
192            <intent-filter>
192-->[androidx.work:work-runtime:2.10.0] AndroidManifest.xml:95:13-98:29
193                <action android:name="android.intent.action.DEVICE_STORAGE_LOW" />
193-->[androidx.work:work-runtime:2.10.0] AndroidManifest.xml:96:17-83
193-->[androidx.work:work-runtime:2.10.0] AndroidManifest.xml:96:25-80
194                <action android:name="android.intent.action.DEVICE_STORAGE_OK" />
194-->[androidx.work:work-runtime:2.10.0] AndroidManifest.xml:97:17-82
194-->[androidx.work:work-runtime:2.10.0] AndroidManifest.xml:97:25-79
195            </intent-filter>
196        </receiver>
197        <receiver
197-->[androidx.work:work-runtime:2.10.0] AndroidManifest.xml:100:9-109:20
198            android:name="androidx.work.impl.background.systemalarm.ConstraintProxy$NetworkStateProxy"
198-->[androidx.work:work-runtime:2.10.0] AndroidManifest.xml:101:13-103
199            android:directBootAware="false"
199-->[androidx.work:work-runtime:2.10.0] AndroidManifest.xml:102:13-44
200            android:enabled="false"
200-->[androidx.work:work-runtime:2.10.0] AndroidManifest.xml:103:13-36
201            android:exported="false" >
201-->[androidx.work:work-runtime:2.10.0] AndroidManifest.xml:104:13-37
202            <intent-filter>
202-->[androidx.work:work-runtime:2.10.0] AndroidManifest.xml:106:13-108:29
203                <action android:name="android.net.conn.CONNECTIVITY_CHANGE" />
203-->[androidx.work:work-runtime:2.10.0] AndroidManifest.xml:107:17-79
203-->[androidx.work:work-runtime:2.10.0] AndroidManifest.xml:107:25-76
204            </intent-filter>
205        </receiver>
206        <receiver
206-->[androidx.work:work-runtime:2.10.0] AndroidManifest.xml:110:9-121:20
207            android:name="androidx.work.impl.background.systemalarm.RescheduleReceiver"
207-->[androidx.work:work-runtime:2.10.0] AndroidManifest.xml:111:13-88
208            android:directBootAware="false"
208-->[androidx.work:work-runtime:2.10.0] AndroidManifest.xml:112:13-44
209            android:enabled="false"
209-->[androidx.work:work-runtime:2.10.0] AndroidManifest.xml:113:13-36
210            android:exported="false" >
210-->[androidx.work:work-runtime:2.10.0] AndroidManifest.xml:114:13-37
211            <intent-filter>
211-->[androidx.work:work-runtime:2.10.0] AndroidManifest.xml:116:13-120:29
212                <action android:name="android.intent.action.BOOT_COMPLETED" />
212-->src\main\AndroidManifest.xml:44:17-79
212-->src\main\AndroidManifest.xml:44:25-76
213                <action android:name="android.intent.action.TIME_SET" />
213-->[androidx.work:work-runtime:2.10.0] AndroidManifest.xml:118:17-73
213-->[androidx.work:work-runtime:2.10.0] AndroidManifest.xml:118:25-70
214                <action android:name="android.intent.action.TIMEZONE_CHANGED" />
214-->[androidx.work:work-runtime:2.10.0] AndroidManifest.xml:119:17-81
214-->[androidx.work:work-runtime:2.10.0] AndroidManifest.xml:119:25-78
215            </intent-filter>
216        </receiver>
217        <receiver
217-->[androidx.work:work-runtime:2.10.0] AndroidManifest.xml:122:9-131:20
218            android:name="androidx.work.impl.background.systemalarm.ConstraintProxyUpdateReceiver"
218-->[androidx.work:work-runtime:2.10.0] AndroidManifest.xml:123:13-99
219            android:directBootAware="false"
219-->[androidx.work:work-runtime:2.10.0] AndroidManifest.xml:124:13-44
220            android:enabled="@bool/enable_system_alarm_service_default"
220-->[androidx.work:work-runtime:2.10.0] AndroidManifest.xml:125:13-72
221            android:exported="false" >
221-->[androidx.work:work-runtime:2.10.0] AndroidManifest.xml:126:13-37
222            <intent-filter>
222-->[androidx.work:work-runtime:2.10.0] AndroidManifest.xml:128:13-130:29
223                <action android:name="androidx.work.impl.background.systemalarm.UpdateProxies" />
223-->[androidx.work:work-runtime:2.10.0] AndroidManifest.xml:129:17-98
223-->[androidx.work:work-runtime:2.10.0] AndroidManifest.xml:129:25-95
224            </intent-filter>
225        </receiver>
226        <receiver
226-->[androidx.work:work-runtime:2.10.0] AndroidManifest.xml:132:9-142:20
227            android:name="androidx.work.impl.diagnostics.DiagnosticsReceiver"
227-->[androidx.work:work-runtime:2.10.0] AndroidManifest.xml:133:13-78
228            android:directBootAware="false"
228-->[androidx.work:work-runtime:2.10.0] AndroidManifest.xml:134:13-44
229            android:enabled="true"
229-->[androidx.work:work-runtime:2.10.0] AndroidManifest.xml:135:13-35
230            android:exported="true"
230-->[androidx.work:work-runtime:2.10.0] AndroidManifest.xml:136:13-36
231            android:permission="android.permission.DUMP" >
231-->[androidx.work:work-runtime:2.10.0] AndroidManifest.xml:137:13-57
232            <intent-filter>
232-->[androidx.work:work-runtime:2.10.0] AndroidManifest.xml:139:13-141:29
233                <action android:name="androidx.work.diagnostics.REQUEST_DIAGNOSTICS" />
233-->[androidx.work:work-runtime:2.10.0] AndroidManifest.xml:140:17-88
233-->[androidx.work:work-runtime:2.10.0] AndroidManifest.xml:140:25-85
234            </intent-filter>
235        </receiver>
236
237        <activity
237-->[androidx.compose.ui:ui-tooling-android:1.7.6] AndroidManifest.xml:23:9-25:39
238            android:name="androidx.compose.ui.tooling.PreviewActivity"
238-->[androidx.compose.ui:ui-tooling-android:1.7.6] AndroidManifest.xml:24:13-71
239            android:exported="true" />
239-->[androidx.compose.ui:ui-tooling-android:1.7.6] AndroidManifest.xml:25:13-36
240
241        <service
241-->[androidx.core:core-remoteviews:1.1.0] AndroidManifest.xml:24:9-27:63
242            android:name="androidx.core.widget.RemoteViewsCompatService"
242-->[androidx.core:core-remoteviews:1.1.0] AndroidManifest.xml:25:13-73
243            android:permission="android.permission.BIND_REMOTEVIEWS" />
243-->[androidx.core:core-remoteviews:1.1.0] AndroidManifest.xml:26:13-69
244
245        <receiver
245-->[androidx.profileinstaller:profileinstaller:1.3.1] AndroidManifest.xml:34:9-52:20
246            android:name="androidx.profileinstaller.ProfileInstallReceiver"
246-->[androidx.profileinstaller:profileinstaller:1.3.1] AndroidManifest.xml:35:13-76
247            android:directBootAware="false"
247-->[androidx.profileinstaller:profileinstaller:1.3.1] AndroidManifest.xml:36:13-44
248            android:enabled="true"
248-->[androidx.profileinstaller:profileinstaller:1.3.1] AndroidManifest.xml:37:13-35
249            android:exported="true"
249-->[androidx.profileinstaller:profileinstaller:1.3.1] AndroidManifest.xml:38:13-36
250            android:permission="android.permission.DUMP" >
250-->[androidx.profileinstaller:profileinstaller:1.3.1] AndroidManifest.xml:39:13-57
251            <intent-filter>
251-->[androidx.profileinstaller:profileinstaller:1.3.1] AndroidManifest.xml:40:13-42:29
252                <action android:name="androidx.profileinstaller.action.INSTALL_PROFILE" />
252-->[androidx.profileinstaller:profileinstaller:1.3.1] AndroidManifest.xml:41:17-91
252-->[androidx.profileinstaller:profileinstaller:1.3.1] AndroidManifest.xml:41:25-88
253            </intent-filter>
254            <intent-filter>
254-->[androidx.profileinstaller:profileinstaller:1.3.1] AndroidManifest.xml:43:13-45:29
255                <action android:name="androidx.profileinstaller.action.SKIP_FILE" />
255-->[androidx.profileinstaller:profileinstaller:1.3.1] AndroidManifest.xml:44:17-85
255-->[androidx.profileinstaller:profileinstaller:1.3.1] AndroidManifest.xml:44:25-82
256            </intent-filter>
257            <intent-filter>
257-->[androidx.profileinstaller:profileinstaller:1.3.1] AndroidManifest.xml:46:13-48:29
258                <action android:name="androidx.profileinstaller.action.SAVE_PROFILE" />
258-->[androidx.profileinstaller:profileinstaller:1.3.1] AndroidManifest.xml:47:17-88
258-->[androidx.profileinstaller:profileinstaller:1.3.1] AndroidManifest.xml:47:25-85
259            </intent-filter>
260            <intent-filter>
260-->[androidx.profileinstaller:profileinstaller:1.3.1] AndroidManifest.xml:49:13-51:29
261                <action android:name="androidx.profileinstaller.action.BENCHMARK_OPERATION" />
261-->[androidx.profileinstaller:profileinstaller:1.3.1] AndroidManifest.xml:50:17-95
261-->[androidx.profileinstaller:profileinstaller:1.3.1] AndroidManifest.xml:50:25-92
262            </intent-filter>
263        </receiver>
264    </application>
265
266</manifest>